Initializing document watcher...
cupbots-api/helpers/scheduler.js: {}
cupbots-api/helpers/scheduler.js: {}
cupbots-api/helpers/scheduler.js: {}
/home/ss/.config/Code/User/settings.json: {}
/home/ss/.config/Code/User/settings.json: {}
/home/ss/.config/Code/User/settings.json: {}
/home/ss/.config/Code/User/settings.json: {}
/home/ss/.config/Code/User/settings.json: Using EditorConfig core...
/home/ss/.config/Code/User/settings.json: Using EditorConfig core...
/home/ss/.config/Code/User/settings.json: Using EditorConfig core...
/home/ss/.config/Code/User/settings.json: Using EditorConfig core...
/home/ss/.config/Code/User/settings.json: Using EditorConfig core...
No more open editors.
cupbots-api/helpers/scheduler.js: {}
cupbots-api/helpers/scheduler.js: {}
/home/ss/.config/Code/User/settings.json: {}
/home/ss/.config/Code/User/settings.json: {}
/home/ss/.config/Code/User/settings.json: Using EditorConfig core...
/home/ss/.config/Code/User/settings.json: Using EditorConfig core...
/home/ss/.config/Code/User/settings.json: Using EditorConfig core...
/home/ss/.config/Code/User/settings.json: Using EditorConfig core...
/home/ss/.config/Code/User/settings.json: Using EditorConfig core...
/home/ss/.config/Code/User/settings.json: Using EditorConfig core...
/home/ss/.config/Code/User/settings.json: Using EditorConfig core...
/home/ss/.config/Code/User/settings.json: Using EditorConfig core...
/home/ss/.config/Code/User/settings.json: {}
/home/ss/.config/Code/User/settings.json: {}
/home/ss/.config/Code/User/settings.json: Using EditorConfig core...
/home/ss/.config/Code/User/settings.json: {}
/home/ss/.config/Code/User/settings.json: {}
/home/ss/.config/Code/User/settings.json: {}
/home/ss/.config/Code/User/settings.json: {}
/home/ss/.config/Code/User/settings.json: Using EditorConfig core...
/home/ss/.config/Code/User/settings.json: Using EditorConfig core...
/home/ss/.config/Code/User/settings.json: Using EditorConfig core...
/home/ss/.config/Code/User/settings.json: {}
/home/ss/.config/Code/User/settings.json: {}
/home/ss/.config/Code/User/settings.json: {}
/home/ss/.config/Code/User/settings.json: {}
/home/ss/.config/Code/User/settings.json: {}
/home/ss/.config/Code/User/settings.json: Using EditorConfig core...
/home/ss/.config/Code/User/settings.json: {}
/home/ss/.config/Code/User/settings.json: Using EditorConfig core...
/home/ss/.config/Code/User/settings.json: Using EditorConfig core...
/home/ss/.config/Code/User/settings.json: Using EditorConfig core...
/home/ss/.config/Code/User/settings.json: Using EditorConfig core...
/home/ss/.config/Code/User/settings.json: Using EditorConfig core...
/home/ss/.config/Code/User/settings.json: Using EditorConfig core...
/home/ss/.config/Code/User/settings.json: Using EditorConfig core...
cupbots-api/helpers/scheduler.js: {}
cupbots-api/helpers/scheduler.js: {}
cupbots-api/helpers/scheduler.js: {}
cupbots-api/helpers/scheduler.js: {}
cupbots-api/helpers/scheduler.js: {}
cupbots-api/helpers/scheduler.js: {}
cupbots-api/helpers/scheduler.js: {}
/home/ss/.config/Code/User/settings.json: {}
/home/ss/.config/Code/User/settings.json: {}
/home/ss/.config/Code/User/settings.json: {}
/home/ss/.config/Code/User/settings.json: Using EditorConfig core...
/home/ss/.config/Code/User/settings.json: Using EditorConfig core...
/home/ss/.config/Code/User/settings.json: {}
/home/ss/.config/Code/User/settings.json: Using EditorConfig core...
/home/ss/.config/Code/User/settings.json: {}
/home/ss/.config/Code/User/settings.json: Using EditorConfig core...
/home/ss/.config/Code/User/settings.json: {}
/home/ss/.config/Code/User/settings.json: Using EditorConfig core...
/home/ss/.config/Code/User/settings.json: {}
/home/ss/.config/Code/User/settings.json: Using EditorConfig core...
/home/ss/.config/Code/User/settings.json: Using EditorConfig core...
/home/ss/.config/Code/User/settings.json: Using EditorConfig core...
/home/ss/.config/Code/User/settings.json: {}
/home/ss/.config/Code/User/settings.json: Using EditorConfig core...
/home/ss/.config/Code/User/settings.json: {}
/home/ss/.config/Code/User/settings.json: {}
/home/ss/.config/Code/User/settings.json: {}
/home/ss/.config/Code/User/settings.json: Using EditorConfig core...
/home/ss/.config/Code/User/settings.json: {}
/home/ss/.config/Code/User/settings.json: {}
/home/ss/.config/Code/User/settings.json: Using EditorConfig core...
/home/ss/.config/Code/User/settings.json: Using EditorConfig core...
/home/ss/.config/Code/User/settings.json: {}
/home/ss/.config/Code/User/settings.json: Using EditorConfig core...
/home/ss/.config/Code/User/settings.json: {}
/home/ss/.config/Code/User/settings.json: Using EditorConfig core...
/home/ss/.config/Code/User/settings.json: {}
/home/ss/.config/Code/User/settings.json: Using EditorConfig core...
/home/ss/.config/Code/User/settings.json: Using EditorConfig core...
/home/ss/.config/Code/User/settings.json: {}
/home/ss/.config/Code/User/settings.json: {}
/home/ss/.config/Code/User/settings.json: Using EditorConfig core...
/home/ss/.config/Code/User/settings.json: Using EditorConfig core...
/home/ss/.config/Code/User/settings.json: {}
/home/ss/.config/Code/User/settings.json: Using EditorConfig core...
/home/ss/.config/Code/User/settings.json: Using EditorConfig core...
/home/ss/.config/Code/User/settings.json: Using EditorConfig core...
/home/ss/.config/Code/User/settings.json: Using EditorConfig core...
/home/ss/.config/Code/User/settings.json: Using EditorConfig core...
/home/ss/.config/Code/User/settings.json: Using EditorConfig core...
/home/ss/.config/Code/User/settings.json: Using EditorConfig core...
/home/ss/.config/Code/User/settings.json: Using EditorConfig core...
/home/ss/.config/Code/User/settings.json: Using EditorConfig core...
/home/ss/.config/Code/User/settings.json: {}
/home/ss/.config/Code/User/settings.json: Using EditorConfig core...
/home/ss/.config/Code/User/settings.json: Using EditorConfig core...
/home/ss/.config/Code/User/settings.json: Using EditorConfig core...
/home/ss/.config/Code/User/settings.json: Using EditorConfig core...
/home/ss/.config/Code/User/settings.json: Using EditorConfig core...
/home/ss/.config/Code/User/settings.json: Using EditorConfig core...
/home/ss/.config/Code/User/settings.json: Using EditorConfig core...
/home/ss/.config/Code/User/settings.json: Using EditorConfig core...
/home/ss/.config/Code/User/settings.json: Using EditorConfig core...
/home/ss/.config/Code/User/settings.json: Using EditorConfig core...
/home/ss/.config/Code/User/settings.json: Using EditorConfig core...
/home/ss/.config/Code/User/settings.json: Using EditorConfig core...
/home/ss/.config/Code/User/settings.json: Using EditorConfig core...
/home/ss/.config/Code/User/settings.json: Using EditorConfig core...
/home/ss/.config/Code/User/settings.json: Using EditorConfig core...
/home/ss/.config/Code/User/settings.json: Using EditorConfig core...
/home/ss/.config/Code/User/settings.json: Using EditorConfig core...
/home/ss/.config/Code/User/settings.json: Using EditorConfig core...
/home/ss/.config/Code/User/settings.json: Using EditorConfig core...
/home/ss/.config/Code/User/settings.json: Using EditorConfig core...
/home/ss/.config/Code/User/settings.json: Using EditorConfig core...
/home/ss/.config/Code/User/settings.json: Using EditorConfig core...
/home/ss/.config/Code/User/settings.json: {}
/home/ss/.config/Code/User/settings.json: {}
/home/ss/.config/Code/User/settings.json: Using EditorConfig core...
/home/ss/.config/Code/User/settings.json: {}
/home/ss/.config/Code/User/settings.json: {}
/home/ss/.config/Code/User/settings.json: {}
/home/ss/.config/Code/User/settings.json: {}
/home/ss/.config/Code/User/settings.json: Using EditorConfig core...
cupbots-api/helpers/scheduler.js: {}
cupbots-api/helpers/scheduler.js: {}
cupbots-api/helpers/scheduler.js: {}
cupbots-api/helpers/scheduler.js: {}
cupbots-api/helpers/scheduler.js: Using EditorConfig core...
cupbots-api/helpers/scheduler.js: {}
cupbots-api/helpers/scheduler.js: Using EditorConfig core...
cupbots-api/helpers/scheduler.js: {}
cupbots-api/helpers/scheduler.js: {}
cupbots-api/helpers/scheduler.js: {}
cupbots-api/helpers/scheduler.js: {}
cupbots-api/helpers/scheduler.js: Using EditorConfig core...
cupbots-api/helpers/scheduler.js: Using EditorConfig core...
cupbots-api/helpers/scheduler.js: {}
cupbots-api/helpers/scheduler.js: {}
cupbots-api/helpers/scheduler.js: {}
cupbots-api/helpers/scheduler.js: {}
cupbots-api/helpers/scheduler.js: {}
cupbots-api/helpers/scheduler.js: {}
cupbots-api/helpers/scheduler.js: {}
cupbots-api/helpers/scheduler.js: {}
cupbots-api/helpers/scheduler.js: {}
cupbots-api/helpers/scheduler.js: {}
cupbots-api/helpers/scheduler.js: {}
cupbots-api/helpers/scheduler.js: {}
cupbots-api/helpers/scheduler.js: {}
cupbots-api/helpers/scheduler.js: {}
cupbots-api/helpers/scheduler.js: {}
/home/ss/.config/Code/User/settings.json: {}
cupbots-api/helpers/scheduler.js: {}
/home/ss/.config/Code/User/settings.json: {}
cupbots-api/helpers/scheduler.js: {}
cupbots-api/helpers/scheduler.js: Using EditorConfig core...
cupbots-api/helpers/scheduler.js: Using EditorConfig core...
cupbots-api/helpers/scheduler.js: {}
cupbots-api/helpers/scheduler.js: {}
cupbots-api/helpers/scheduler.js: {}
cupbots-api/helpers/scheduler.js: {}
cupbots-api/helpers/scheduler.js: {}
cupbots-api/helpers/scheduler.js: {}
cupbots-api/helpers/scheduler.js: {}
cupbots-api/helpers/scheduler.js: {}
cupbots-api/helpers/scheduler.js: {}
cupbots-api/helpers/scheduler.js: {}
/home/ss/.config/Code/User/settings.json: {}
/home/ss/.config/Code/User/settings.json: {}
/home/ss/.config/Code/User/settings.json: {}
/home/ss/.config/Code/User/settings.json: Using EditorConfig core...
/home/ss/.config/Code/User/settings.json: Using EditorConfig core...
/home/ss/.config/Code/User/settings.json: Using EditorConfig core...
/home/ss/.config/Code/User/settings.json: Using EditorConfig core...
/home/ss/.config/Code/User/settings.json: Using EditorConfig core...
/home/ss/.config/Code/User/settings.json: Using EditorConfig core...
/home/ss/.config/Code/User/settings.json: Using EditorConfig core...
/home/ss/.config/Code/User/settings.json: {}
/home/ss/.config/Code/User/settings.json: Using EditorConfig core...
/home/ss/.config/Code/User/settings.json: Using EditorConfig core...
/home/ss/.config/Code/User/settings.json: Using EditorConfig core...
/home/ss/.config/Code/User/settings.json: Using EditorConfig core...
/home/ss/.config/Code/User/settings.json: Using EditorConfig core...
/home/ss/.config/Code/User/settings.json: Using EditorConfig core...
/home/ss/.config/Code/User/settings.json: {}
/home/ss/.config/Code/User/settings.json: Using EditorConfig core...
/home/ss/.config/Code/User/settings.json: Using EditorConfig core...
/home/ss/.config/Code/User/settings.json: Using EditorConfig core...
/home/ss/.config/Code/User/settings.json: Using EditorConfig core...
/home/ss/.config/Code/User/settings.json: Using EditorConfig core...
/home/ss/.config/Code/User/settings.json: Using EditorConfig core...
/home/ss/.config/Code/User/settings.json: Using EditorConfig core...
/home/ss/.config/Code/User/settings.json: Using EditorConfig core...
/home/ss/.config/Code/User/settings.json: Using EditorConfig core...
/home/ss/.config/Code/User/settings.json: Using EditorConfig core...
/home/ss/.config/Code/User/settings.json: Using EditorConfig core...
/home/ss/.config/Code/User/settings.json: Using EditorConfig core...
/home/ss/.config/Code/User/settings.json: Using EditorConfig core...
/home/ss/.config/Code/User/settings.json: Using EditorConfig core...
/home/ss/.config/Code/User/settings.json: Using EditorConfig core...
/home/ss/.config/Code/User/settings.json: Using EditorConfig core...
/home/ss/.config/Code/User/settings.json: Using EditorConfig core...
/home/ss/.config/Code/User/settings.json: {}
/home/ss/.config/Code/User/settings.json: Using EditorConfig core...
/home/ss/.config/Code/User/settings.json: Using EditorConfig core...
/home/ss/.config/Code/User/settings.json: Using EditorConfig core...
/home/ss/.config/Code/User/settings.json: Using EditorConfig core...
/home/ss/.config/Code/User/settings.json: {}
/home/ss/.config/Code/User/settings.json: {}
/home/ss/.config/Code/User/settings.json: {}
/home/ss/.config/Code/User/settings.json: Using EditorConfig core...
/home/ss/.config/Code/User/settings.json: Using EditorConfig core...
/home/ss/.config/Code/User/settings.json: Using EditorConfig core...
/home/ss/.config/Code/User/settings.json: Using EditorConfig core...
/home/ss/.config/Code/User/settings.json: {}
/home/ss/.config/Code/User/settings.json: Using EditorConfig core...
/home/ss/.config/Code/User/settings.json: Using EditorConfig core...
/home/ss/.config/Code/User/settings.json: Using EditorConfig core...
/home/ss/.config/Code/User/settings.json: {}
/home/ss/.config/Code/User/settings.json: Using EditorConfig core...
/home/ss/.config/Code/User/settings.json: Using EditorConfig core...
/home/ss/.config/Code/User/settings.json: Using EditorConfig core...
/home/ss/.config/Code/User/settings.json: Using EditorConfig core...
/home/ss/.config/Code/User/settings.json: {}
/home/ss/.config/Code/User/settings.json: Using EditorConfig core...
/home/ss/.config/Code/User/settings.json: Using EditorConfig core...
/home/ss/.config/Code/User/settings.json: Using EditorConfig core...
/home/ss/.config/Code/User/settings.json: Using EditorConfig core...
/home/ss/.config/Code/User/settings.json: Using EditorConfig core...
cupbots-api/helpers/scheduler.js: {}
cupbots-api/skills/main.js: {}
undefined: {}
cupbots-api/skills/main.js: {}
cupbots-api/skills/main.js: {}
cupbots-api/skills/main.js: {}
cupbots-api/skills/main.js: {}
cupbots-api/skills/main.js: {}
cupbots-api/skills/main.js: {}
cupbots-api/skills/main.js: {}
cupbots-api/skills/main.js: {}
cupbots-api/skills/main.js: {}
cupbots-api/skills/main.js: Using EditorConfig core...
cupbots-api/skills/main.js: Using EditorConfig core...
cupbots-api/skills/main.js: Using EditorConfig core...
cupbots-api/helpers/scheduler.js: {}
cupbots-api/helpers/scheduler.js: {}
cupbots-api/helpers/scheduler.js: {}
cupbots-api/helpers/scheduler.js: {}
cupbots-api/helpers/scheduler.js: {}
cupbots-api/helpers/scheduler.js: {}
cupbots-api/helpers/scheduler.js: {}
cupbots-api/helpers/scheduler.js: {}
cupbots-api/helpers/scheduler.js: {}
cupbots-api/helpers/scheduler.js: {}
cupbots-api/helpers/scheduler.js: {}
cupbots-api/helpers/scheduler.js: Using EditorConfig core...
cupbots-api/helpers/scheduler.js: Using EditorConfig core...
cupbots-api/helpers/scheduler.js: Using EditorConfig core...
cupbots-api/helpers/scheduler.js: Using EditorConfig core...
cupbots-api/helpers/scheduler.js: Using EditorConfig core...
cupbots-api/helpers/scheduler.js: Using EditorConfig core...
cupbots-api/skills/booking.js: {}
cupbots-api/helpers/scheduler.js: {}
cupbots-api/skills/booking.js: {}
cupbots-api/helpers/scheduler.js: {}
cupbots-api/helpers/scheduler.js: {}
cupbots-api/helpers/scheduler.js: {}
cupbots-api/helpers/scheduler.js: {}
cupbots-api/helpers/scheduler.js: {}
cupbots-api/helpers/scheduler.js: {}
cupbots-api/helpers/scheduler.js: {}
cupbots-api/helpers/scheduler.js: {}
cupbots-api/helpers/scheduler.js: {}
cupbots-api/helpers/scheduler.js: {}
cupbots-api/helpers/scheduler.js: {}
cupbots-api/helpers/scheduler.js: {}
cupbots-api/helpers/scheduler.js: {}
cupbots-api/helpers/scheduler.js: {}
cupbots-api/helpers/scheduler.js: {}
cupbots-api/helpers/scheduler.js: {}
cupbots-api/helpers/scheduler.js: Using EditorConfig core...
cupbots-api/helpers/scheduler.js: {}
cupbots-api/helpers/scheduler.js: {}
cupbots-api/helpers/scheduler.js: {}
cupbots-api/helpers/scheduler.js: Using EditorConfig core...
cupbots-api/helpers/scheduler.js: Using EditorConfig core...
cupbots-api/helpers/scheduler.js: {}
cupbots-api/helpers/scheduler.js: {}
cupbots-api/helpers/scheduler.js: Using EditorConfig core...
cupbots-api/helpers/scheduler.js: Using EditorConfig core...
cupbots-api/helpers/scheduler.js: {}
cupbots-api/helpers/scheduler.js: {}
cupbots-api/helpers/scheduler.js: {}
cupbots-api/helpers/scheduler.js: {}
cupbots-api/helpers/scheduler.js: {}
No more open editors.
cupbots-api/helpers/scheduler.js: {}
cupbots-api/helpers/scheduler.js: {}
cupbots-api/helpers/scheduler.js: {}
cupbots-api/helpers/scheduler.js: {}
cupbots-api/helpers/scheduler.js: {}
cupbots-api/helpers/scheduler.js: {}
cupbots-api/helpers/scheduler.js: {}
cupbots-api/helpers/scheduler.js: {}
cupbots-api/helpers/scheduler.js: {}
cupbots-api/helpers/scheduler.js: {}
cupbots-api/helpers/scheduler.js: {}
cupbots-api/helpers/scheduler.js: {}
cupbots-api/helpers/scheduler.js: {}
cupbots-api/helpers/scheduler.js: {}
cupbots-api/helpers/scheduler.js: {}
cupbots-api/helpers/scheduler.js: {}
cupbots-api/helpers/scheduler.js: {}
cupbots-api/helpers/scheduler.js: {}
cupbots-api/helpers/scheduler.js: {}
cupbots-api/helpers/scheduler.js: {}
cupbots-api/helpers/scheduler.js: {}
cupbots-api/helpers/scheduler.js: {}
cupbots-api/helpers/scheduler.js: {}
cupbots-api/helpers/scheduler.js: {}
