CODE SETTINGS SYNC UPLOAD SUMMARY
Version: 3.4.3
--------------------
GitHub Token: 9c15**********
GitHub Gist: d65ddc7440d0f05bcd9023b5f0e546b1
GitHub Gist Type: Secret

Restarting Visual Studio Code may be required to apply color and file icon theme.
--------------------
Files Uploaded:
  extensions.json > extensions.json
  keybindings.json > keybindings.json
  settings.json > settings.json
  java.json > snippets|java.json
  javascript.json > snippets|javascript.json

Extensions Ignored:
  No extensions ignored.

Extensions Removed:
  No extensions removed.

Extensions Added:
  advanced-new-file v1.2.0
  andromeda v1.6.0
  code-settings-sync v3.4.3
  code-spell-checker v1.7.18
  EditorConfig v0.14.2
  github-plus-theme v1.2.1
  graphql-for-vscode v1.15.1
  markdown-all-in-one v2.5.1
  night-owl v1.1.3
  partial-diff v1.4.0
  polacode v0.3.4
  python v2019.10.44104
  quokka-vscode v1.0.257
  rainbow-csv v1.3.1
  remote-vscode v1.1.0
  seoul v1.2.0
  sublime-keybindings v4.0.3
  turbo-console-log v1.3.1
  vetur v0.22.6
  vim v1.11.2
  vsc-material-theme v30.0.0
  vscode-eslint v1.9.1
  vscode-icons v9.5.0
  vscode-quick-select v0.2.8
  vue-peek v1.0.2
  vue-snippets v0.1.11
--------------------
Done.