Initializing document watcher...
/home/ss/.config/Code/User/keybindings.json: Using EditorConfig core...
/home/ss/.config/Code/User/keybindings.json: Using EditorConfig core...
/home/ss/.config/Code/User/settings.json: {}
No more open editors.
No more open editors.
No more open editors.
No more open editors.
No more open editors.
No more open editors.
No more open editors.
No more open editors.
No more open editors.
No more open editors.
No more open editors.
cupbots-api/spec/src/5ca54fb58b279c8b5bb50813.json: {}
cupbots-api/spec/draft/0 - Happy path - hourly services, 2 pax.convo.txt: {}
cupbots-api/spec/draft/3 pax/Increase to 3 pax.pconvo.txt: {}
No more open editors.
No more open editors.
No more open editors.
No more open editors.
No more open editors.
No more open editors.
cupbots-api/helpers/scheduler.js: {}
cupbots-api/helpers/scheduler.js: {}
cupbots-api/helpers/scheduler.js: {}
cupbots-api/helpers/scheduler.js: {}
cupbots-api/helpers/scheduler.js: Using EditorConfig core...
cupbots-api/helpers/scheduler.js: {}
cupbots-api/helpers/scheduler.js: {}
cupbots-api/helpers/scheduler.js: {}
cupbots-api/helpers/scheduler.js: {}
cupbots-api/skills/main.js: {}
cupbots-api/skills/main.js: Using EditorConfig core...
cupbots-api/skills/main.js: Using EditorConfig core...
cupbots-api/skills/main.js: Using EditorConfig core...
cupbots-api/skills/main.js: Using EditorConfig core...
cupbots-api/skills/main.js: Using EditorConfig core...
cupbots-api/skills/main.js: Using EditorConfig core...
cupbots-api/skills/main.js: Using EditorConfig core...
cupbots-api/skills/main.js: Using EditorConfig core...
cupbots-api/skills/main.js: Using EditorConfig core...
cupbots-api/skills/main.js: Using EditorConfig core...
cupbots-api/skills/main.js: Using EditorConfig core...
cupbots-api/skills/main.js: Using EditorConfig core...
cupbots-api/skills/message_history.js: {}
cupbots-api/skills/message_history.js: {}
cupbots-api/skills/message_history.js: Using EditorConfig core...
cupbots-api/skills/message_history.js: Using EditorConfig core...
cupbots-api/skills/message_history.js: Using EditorConfig core...
cupbots-api/skills/message_history.js: Using EditorConfig core...
cupbots-api/skills/message_history.js: Using EditorConfig core...
cupbots-api/skills/message_history.js: Using EditorConfig core...
cupbots-api/skills/message_history.js: Using EditorConfig core...
cupbots-api/skills/message_history.js: Using EditorConfig core...
cupbots-api/skills/message_history.js: Using EditorConfig core...
cupbots-api/skills/message_history.js: Using EditorConfig core...
cupbots-api/skills/message_history.js: Using EditorConfig core...
cupbots-api/skills/message_history.js: Using EditorConfig core...
cupbots-api/skills/message_history.js: {}
cupbots-api/skills/message_history.js: {}
cupbots-api/skills/message_history.js: {}
cupbots-api/skills/message_history.js: {}
cupbots-api/skills/main.js: {}
cupbots-api/skills/main.js: {}
cupbots-api/skills/main.js: Using EditorConfig core...
cupbots-api/skills/main.js: Using EditorConfig core...
cupbots-api/skills/main.js: Using EditorConfig core...
cupbots-api/skills/main.js: Using EditorConfig core...
cupbots-api/skills/main.js: {}
cupbots-api/skills/main.js: Using EditorConfig core...
cupbots-api/skills/main.js: Using EditorConfig core...
cupbots-api/skills/main.js: {}
cupbots-api/skills/main.js: {}
cupbots-api/skills/main.js: {}
cupbots-api/skills/main.js: {}
cupbots-api/skills/message_history.js: {}
cupbots-api/skills/message_history.js: {}
cupbots-api/skills/message_history.js: {}
cupbots-api/skills/message_history.js: {}
cupbots-api/skills/message_history.js: {}
cupbots-api/skills/message_history.js: Using EditorConfig core...
cupbots-api/skills/message_history.js: {}
cupbots-api/skills/message_history.js: {}
cupbots-api/skills/message_history.js: {}
cupbots-api/skills/message_history.js: {}
cupbots-api/skills/main.js: {}
cupbots-api/skills/main.js: {}
cupbots-api/skills/main.js: {}
cupbots-api/skills/main.js: Using EditorConfig core...
cupbots-api/skills/main.js: {}
cupbots-api/skills/main.js: Using EditorConfig core...
cupbots-api/helpers/scheduler.js: {}
cupbots-api/helpers/scheduler.js: {}
cupbots-api/skills/main.js: {}
cupbots-api/skills/main.js: Using EditorConfig core...
cupbots-api/skills/main.js: {}
cupbots-api/skills/main.js: {}
cupbots-api/skills/main.js: {}
cupbots-api/helpers/scheduler.js: {}
cupbots-api/helpers/scheduler.js: {}
cupbots-api/helpers/scheduler.js: {}
cupbots-api/helpers/scheduler.js: {}
cupbots-api/helpers/scheduler.js: {}
cupbots-api/helpers/scheduler.js: {}
cupbots-api/helpers/scheduler.js: {}
cupbots-api/skills/booking.js: {}
cupbots-api/skills/booking.js: {}
cupbots-api/helpers/scheduler.js: {}
cupbots-api/helpers/scheduler.js: {}
/keybindings.json: {}
cupbots-api/helpers/scheduler.js: {}
/home/ss/.config/Code/User/keybindings.json: {}
/home/ss/.config/Code/User/keybindings.json: {}
/home/ss/.config/Code/User/keybindings.json: {}
/home/ss/.config/Code/User/keybindings.json: {}
/home/ss/.config/Code/User/keybindings.json: {}
/home/ss/.config/Code/User/settings.json: {}
/home/ss/.config/Code/User/settings.json: {}
cupbots-api/helpers/scheduler.js: {}
cupbots-api/helpers/scheduler.js: Using EditorConfig core...
cupbots-api/helpers/scheduler.js: Using EditorConfig core...
/home/ss/.config/Code/User/keybindings.json: {}
cupbots-api/helpers/scheduler.js: {}
/home/ss/.config/Code/User/settings.json: {}
cupbots-api/helpers/scheduler.js: {}
cupbots-api/helpers/scheduler.js: {}
/home/ss/.config/Code/User/settings.json: {}
/home/ss/.config/Code/User/settings.json: Using EditorConfig core...
/home/ss/.config/Code/User/settings.json: Using EditorConfig core...
cupbots-api/helpers/scheduler.js: {}
/home/ss/.config/Code/User/settings.json: {}
/home/ss/.config/Code/User/settings.json: Using EditorConfig core...
/home/ss/.config/Code/User/settings.json: {}
cupbots-api/helpers/scheduler.js: {}
/home/ss/.config/Code/User/settings.json: {}
/home/ss/.config/Code/User/settings.json: Using EditorConfig core...
cupbots-api/helpers/scheduler.js: {}
/home/ss/.config/Code/User/settings.json: {}
/home/ss/.config/Code/User/settings.json: Using EditorConfig core...
cupbots-api/helpers/scheduler.js: {}
/home/ss/.config/Code/User/settings.json: {}
/home/ss/.config/Code/User/settings.json: Using EditorConfig core...
cupbots-api/helpers/scheduler.js: {}
/home/ss/.config/Code/User/settings.json: {}
/home/ss/.config/Code/User/settings.json: Using EditorConfig core...
/home/ss/.config/Code/User/settings.json: {}
/home/ss/.config/Code/User/settings.json: {}
/home/ss/.config/Code/User/settings.json: {}
/home/ss/.config/Code/User/settings.json: {}
/home/ss/.config/Code/User/settings.json: Using EditorConfig core...
cupbots-api/helpers/scheduler.js: {}
/home/ss/.config/Code/User/settings.json: {}
/home/ss/.config/Code/User/settings.json: Using EditorConfig core...
/home/ss/.config/Code/User/settings.json: Using EditorConfig core...
/home/ss/.config/Code/User/settings.json: Using EditorConfig core...
/home/ss/.config/Code/User/settings.json: Using EditorConfig core...
/home/ss/.config/Code/User/settings.json: Using EditorConfig core...
/home/ss/.config/Code/User/settings.json: Using EditorConfig core...
/home/ss/.config/Code/User/settings.json: Using EditorConfig core...
cupbots-api/helpers/scheduler.js: {}
cupbots-api/helpers/scheduler.js: {}
cupbots-api/helpers/scheduler.js: {}
cupbots-api/helpers/scheduler.js: {}
cupbots-api/helpers/scheduler.js: Using EditorConfig core...
cupbots-api/helpers/scheduler.js: Using EditorConfig core...
cupbots-api/helpers/scheduler.js: {}
cupbots-api/helpers/scheduler.js: {}
cupbots-api/helpers/scheduler.js: Using EditorConfig core...
cupbots-api/helpers/scheduler.js: {}
cupbots-api/helpers/scheduler.js: {}
cupbots-api/helpers/scheduler.js: {}
cupbots-api/helpers/scheduler.js: {}
cupbots-api/helpers/scheduler.js: {}
cupbots-api/helpers/scheduler.js: {}
cupbots-api/helpers/scheduler.js: {}
cupbots-api/helpers/scheduler.js: {}
cupbots-api/helpers/scheduler.js: {}
cupbots-api/helpers/scheduler.js: {}
/home/ss/.config/Code/User/settings.json: {}
/home/ss/.config/Code/User/settings.json: {}
/home/ss/.config/Code/User/settings.json: Using EditorConfig core...
/home/ss/.config/Code/User/settings.json: {}
/home/ss/.config/Code/User/settings.json: Using EditorConfig core...
/home/ss/.config/Code/User/settings.json: Using EditorConfig core...
/home/ss/.config/Code/User/settings.json: Using EditorConfig core...
cupbots-api/helpers/scheduler.js: {}
cupbots-api/helpers/scheduler.js: {}
cupbots-api/helpers/scheduler.js: {}
cupbots-api/helpers/scheduler.js: {}
cupbots-api/helpers/scheduler.js: {}
cupbots-api/helpers/scheduler.js: {}
