Initializing document watcher...
sshawn/pages/index.vue: Using EditorConfig core...
sshawn/pages/index.vue: Using EditorConfig core...
sshawn/pages/index.vue: Using EditorConfig core...
sshawn/plugins/filters.js: {}
sshawn/plugins/filters.js: Using EditorConfig core...
sshawn/plugins/filters.js: Using EditorConfig core...
sshawn/plugins/filters.js: {}
sshawn/plugins/filters.js: {}
sshawn/plugins/filters.js: {}
sshawn/plugins/filters.js: {}
sshawn/plugins/filters.js: {}
sshawn/plugins/filters.js: Using EditorConfig core...
sshawn/plugins/filters.js: Using EditorConfig core...
sshawn/utils/helpers.js: {}
sshawn/utils/helpers.js: Using EditorConfig core...
sshawn/utils/helpers.js: Using EditorConfig core...
sshawn/utils/helpers.js: {}
sshawn/utils/helpers.js: {}
sshawn/plugins/filters.js: {}
